[0m17:47:02.616806 [debug] [MainThread]: Sending event: {'category': 'dbt', 'action': 'invocation', 'label': 'start', 'context': [<snowplow_tracker.self_describing_json.SelfDescribingJson object at 0x000001836C337760>, <snowplow_tracker.self_describing_json.SelfDescribingJson object at 0x000001836ED5FB50>, <snowplow_tracker.self_describing_json.SelfDescribingJson object at 0x000001836ED5FD60>]}


============================== 17:47:02.631810 | 3e5b0202-358f-4c76-bd9e-90059ed31e99 ==============================
[0m17:47:02.631810 [info ] [MainThread]: Running with dbt=1.8.5
[0m17:47:02.635825 [debug] [MainThread]: running dbt with arguments {'printer_width': '80', 'indirect_selection': 'eager', 'log_cache_events': 'False', 'write_json': 'True', 'partial_parse': 'True', 'cache_selected_only': 'False', 'profiles_dir': 'C:\\Users\\UsEr\\.dbt', 'debug': 'False', 'version_check': 'True', 'log_path': 'logs', 'warn_error': 'None', 'fail_fast': 'False', 'use_colors': 'True', 'use_experimental_parser': 'False', 'no_print': 'None', 'quiet': 'False', 'empty': 'None', 'warn_error_options': 'WarnErrorOptions(include=[], exclude=[])', 'static_parser': 'True', 'log_format': 'default', 'introspect': 'True', 'target_path': 'None', 'invocation_command': 'dbt init', 'send_anonymous_usage_stats': 'True'}
[0m17:47:02.716060 [warn ] [MainThread]: [ConfigFolderDirectory]: Unable to parse dict {'dir': WindowsPath('C:/Users/UsEr/.dbt')}
[0m17:47:02.718059 [info ] [MainThread]: Creating dbt configuration folder at 
[0m17:47:15.014438 [debug] [MainThread]: Starter project path: C:\Users\UsEr\anaconda3\envs\ftde2-project-1\lib\site-packages\dbt\include\starter_project
[0m17:47:15.089439 [info ] [MainThread]: 
Your new dbt project "data_warehouse" was created!

For more information on how to configure the profiles.yml file,
please consult the dbt documentation here:

  https://docs.getdbt.com/docs/configure-your-profile

One more thing:

Need help? Don't hesitate to reach out to us via GitHub issues or on Slack:

  https://community.getdbt.com/

Happy modeling!

[0m17:47:15.093436 [info ] [MainThread]: Setting up your profile.
[0m17:49:15.611287 [info ] [MainThread]: Profile data_warehouse written to C:\Users\UsEr\.dbt\profiles.yml using target's profile_template.yml and your supplied values. Run 'dbt debug' to validate the connection.
[0m17:49:15.616281 [debug] [MainThread]: Command `dbt init` succeeded at 17:49:15.616281 after 133.26 seconds
[0m17:49:15.618280 [debug] [MainThread]: Sending event: {'category': 'dbt', 'action': 'invocation', 'label': 'end', 'context': [<snowplow_tracker.self_describing_json.SelfDescribingJson object at 0x000001836C337760>, <snowplow_tracker.self_describing_json.SelfDescribingJson object at 0x000001836ED67CA0>, <snowplow_tracker.self_describing_json.SelfDescribingJson object at 0x000001836C11AAA0>]}
[0m17:49:15.619287 [debug] [MainThread]: Flushing usage events
